2024-06-08T18:50:11.559-03:00  INFO 7140 --- [main] c.t.l.api.resource.BookControllerTest    : Starting BookControllerTest using Java 21 with PID 7140 (started by Thiago in D:\library-api)
2024-06-08T18:50:11.571-03:00  INFO 7140 --- [main] c.t.l.api.resource.BookControllerTest    : The following 1 profile is active: "test"
2024-06-08T18:50:15.642-03:00  INFO 7140 --- [main] o.s.b.t.m.w.SpringBootMockServletContext : Initializing Spring TestDispatcherServlet ''
2024-06-08T18:50:15.642-03:00  INFO 7140 --- [main] o.s.t.web.servlet.TestDispatcherServlet  : Initializing Servlet ''
2024-06-08T18:50:15.645-03:00  INFO 7140 --- [main] o.s.t.web.servlet.TestDispatcherServlet  : Completed initialization in 2 ms
2024-06-08T18:50:15.680-03:00  INFO 7140 --- [main] c.t.l.api.resource.BookControllerTest    : Started BookControllerTest in 4.765 seconds (process running for 6.753)
2024-06-08T18:50:15.978-03:00  WARN 7140 --- [main] PageModule$PlainPageSerializationWarning : Serializing PageImpl instances as-is is not supported, meaning that there is no guarantee about the stability of the resulting JSON structure!
	For a stable JSON structure, please use Spring Data's PagedModel (globally via @EnableSpringDataWebSupport(pageSerializationMode = VIA_DTO))
	or Spring HATEOAS and Spring Data's PagedResourcesAssembler as documented in https://docs.spring.io/spring-data/commons/reference/repositories/core-extensions.html#core.web.pageables.

2024-06-08T18:50:16.261-03:00  INFO 7140 --- [main] c.t.l.api.resource.BookController        :  updating book of id: 1 
2024-06-08T18:50:16.286-03:00  INFO 7140 --- [main] c.t.l.api.resource.BookController        :  updating book of id: 1 
2024-06-08T18:50:16.307-03:00  INFO 7140 --- [main] c.t.l.api.resource.BookController        :  creating a book for isbn: 001 
2024-06-08T18:50:16.321-03:00  INFO 7140 --- [main] c.t.l.api.resource.BookController        :  obtaining details for book id: 1 
2024-06-08T18:50:16.336-03:00  INFO 7140 --- [main] c.t.l.api.resource.BookController        :  creating a book for isbn: 001 
2024-06-08T18:50:16.350-03:00  INFO 7140 --- [main] c.t.l.api.resource.BookController        :  deleting book of id: 1 
2024-06-08T18:50:16.362-03:00  INFO 7140 --- [main] c.t.l.api.resource.BookController        :  deleting book of id: 1 
2024-06-08T18:50:16.370-03:00  INFO 7140 --- [main] c.t.l.api.resource.BookController        :  obtaining details for book id: 1 
2024-06-08T18:50:16.422-03:00  INFO 7140 --- [main] t.c.s.AnnotationConfigContextLoaderUtils : Could not detect default configuration classes for test class [com.thiago.libraryapi.api.resource.LoanControllerTest]: LoanControllerTest does not declare any static, non-private, non-final, nested classes annotated with @Configuration.
2024-06-08T18:50:16.441-03:00  INFO 7140 --- [main] .b.t.c.SpringBootTestContextBootstrapper : Found @SpringBootConfiguration com.thiago.libraryapi.LibraryApiApplication for test class com.thiago.libraryapi.api.resource.LoanControllerTest
2024-06-08T18:50:16.461-03:00  INFO 7140 --- [main] o.s.b.d.r.RestartApplicationListener     : Restart disabled due to context in which it is running
2024-06-08T18:50:16.515-03:00  INFO 7140 --- [main] c.t.l.api.resource.LoanControllerTest    : Starting LoanControllerTest using Java 21 with PID 7140 (started by Thiago in D:\library-api)
2024-06-08T18:50:16.515-03:00  INFO 7140 --- [main] c.t.l.api.resource.LoanControllerTest    : The following 1 profile is active: "test"
2024-06-08T18:50:17.381-03:00  INFO 7140 --- [main] o.s.b.t.m.w.SpringBootMockServletContext : Initializing Spring TestDispatcherServlet ''
2024-06-08T18:50:17.381-03:00  INFO 7140 --- [main] o.s.t.web.servlet.TestDispatcherServlet  : Initializing Servlet ''
2024-06-08T18:50:17.382-03:00  INFO 7140 --- [main] o.s.t.web.servlet.TestDispatcherServlet  : Completed initialization in 1 ms
2024-06-08T18:50:17.396-03:00  INFO 7140 --- [main] c.t.l.api.resource.LoanControllerTest    : Started LoanControllerTest in 0.935 seconds (process running for 8.468)
2024-06-08T18:50:17.529-03:00  WARN 7140 --- [main] PageModule$PlainPageSerializationWarning : Serializing PageImpl instances as-is is not supported, meaning that there is no guarantee about the stability of the resulting JSON structure!
	For a stable JSON structure, please use Spring Data's PagedModel (globally via @EnableSpringDataWebSupport(pageSerializationMode = VIA_DTO))
	or Spring HATEOAS and Spring Data's PagedResourcesAssembler as documented in https://docs.spring.io/spring-data/commons/reference/repositories/core-extensions.html#core.web.pageables.

2024-06-08T18:50:17.547-03:00  INFO 7140 --- [main] t.c.s.AnnotationConfigContextLoaderUtils : Could not detect default configuration classes for test class [com.thiago.libraryapi.LibraryApiApplicationTests]: LibraryApiApplicationTests does not declare any static, non-private, non-final, nested classes annotated with @Configuration.
2024-06-08T18:50:17.556-03:00  INFO 7140 --- [main] .b.t.c.SpringBootTestContextBootstrapper : Found @SpringBootConfiguration com.thiago.libraryapi.LibraryApiApplication for test class com.thiago.libraryapi.LibraryApiApplicationTests
2024-06-08T18:50:17.566-03:00  INFO 7140 --- [main] o.s.b.d.r.RestartApplicationListener     : Restart disabled due to context in which it is running
2024-06-08T18:50:17.602-03:00  INFO 7140 --- [main] c.t.l.LibraryApiApplicationTests         : Starting LibraryApiApplicationTests using Java 21 with PID 7140 (started by Thiago in D:\library-api)
2024-06-08T18:50:17.603-03:00  INFO 7140 --- [main] c.t.l.LibraryApiApplicationTests         : No active profile set, falling back to 1 default profile: "default"
2024-06-08T18:50:18.563-03:00  INFO 7140 --- [main] .s.d.r.c.RepositoryConfigurationDelegate : Bootstrapping Spring Data JPA repositories in DEFAULT mode.
2024-06-08T18:50:18.624-03:00  INFO 7140 --- [main] .s.d.r.c.RepositoryConfigurationDelegate : Finished Spring Data repository scanning in 51 ms. Found 2 JPA repository interfaces.
2024-06-08T18:50:19.325-03:00  INFO 7140 --- [main] com.zaxxer.hikari.HikariDataSource       : HikariPool-1 - Starting...
2024-06-08T18:50:19.744-03:00  INFO 7140 --- [main] com.zaxxer.hikari.pool.HikariPool        : HikariPool-1 - Added connection conn0: url=jdbc:h2:mem:78a7c684-3ffa-4a10-8cf1-0606b2df7363 user=SA
2024-06-08T18:50:19.746-03:00  INFO 7140 --- [main] com.zaxxer.hikari.HikariDataSource       : HikariPool-1 - Start completed.
2024-06-08T18:50:19.824-03:00  INFO 7140 --- [main] o.hibernate.jpa.internal.util.LogHelper  : HHH000204: Processing PersistenceUnitInfo [name: default]
2024-06-08T18:50:19.948-03:00  INFO 7140 --- [main] org.hibernate.Version                    : HHH000412: Hibernate ORM core version 6.5.2.Final
2024-06-08T18:50:20.006-03:00  INFO 7140 --- [main] o.h.c.internal.RegionFactoryInitiator    : HHH000026: Second-level cache disabled
2024-06-08T18:50:20.233-03:00  INFO 7140 --- [main] o.s.o.j.p.SpringPersistenceUnitInfo      : No LoadTimeWeaver setup: ignoring JPA class transformer
2024-06-08T18:50:21.487-03:00  INFO 7140 --- [main] o.h.e.t.j.p.i.JtaPlatformInitiator       : HHH000489: No JTA platform available (set 'hibernate.transaction.jta.platform' to enable JTA platform integration)
2024-06-08T18:50:21.565-03:00  INFO 7140 --- [main] j.LocalContainerEntityManagerFactoryBean : Initialized JPA EntityManagerFactory for persistence unit 'default'
2024-06-08T18:50:22.124-03:00  INFO 7140 --- [main] o.s.d.j.r.query.QueryEnhancerFactory     : Hibernate is in classpath; If applicable, HQL parser will be used.
2024-06-08T18:50:23.527-03:00  WARN 7140 --- [main] JpaBaseConfiguration$JpaWebConfiguration : spring.jpa.open-in-view is enabled by default. Therefore, database queries may be performed during view rendering. Explicitly configure spring.jpa.open-in-view to disable this warning
2024-06-08T18:50:25.027-03:00  INFO 7140 --- [main] o.s.b.a.e.web.EndpointLinksResolver      : Exposing 15 endpoints beneath base path '/actuator'
2024-06-08T18:50:25.117-03:00  INFO 7140 --- [main] c.t.l.LibraryApiApplicationTests         : Started LibraryApiApplicationTests in 7.552 seconds (process running for 16.189)
2024-06-08T18:50:25.214-03:00  INFO 7140 --- [main] t.c.s.AnnotationConfigContextLoaderUtils : Could not detect default configuration classes for test class [com.thiago.libraryapi.model.repository.BookRepositoryTest]: BookRepositoryTest does not declare any static, non-private, non-final, nested classes annotated with @Configuration.
2024-06-08T18:50:25.236-03:00  INFO 7140 --- [main] .b.t.c.SpringBootTestContextBootstrapper : Found @SpringBootConfiguration com.thiago.libraryapi.LibraryApiApplication for test class com.thiago.libraryapi.model.repository.BookRepositoryTest
2024-06-08T18:50:25.241-03:00  INFO 7140 --- [main] o.s.b.d.r.RestartApplicationListener     : Restart disabled due to context in which it is running
2024-06-08T18:50:25.270-03:00  INFO 7140 --- [main] c.t.l.m.repository.BookRepositoryTest    : Starting BookRepositoryTest using Java 21 with PID 7140 (started by Thiago in D:\library-api)
2024-06-08T18:50:25.270-03:00  INFO 7140 --- [main] c.t.l.m.repository.BookRepositoryTest    : The following 1 profile is active: "test"
2024-06-08T18:50:25.308-03:00  INFO 7140 --- [registrationTask1] d.c.b.a.c.r.ApplicationRegistrator       : Application registered itself as a973ff14be49
2024-06-08T18:50:25.359-03:00  INFO 7140 --- [main] .s.d.r.c.RepositoryConfigurationDelegate : Bootstrapping Spring Data JPA repositories in DEFAULT mode.
2024-06-08T18:50:25.369-03:00  INFO 7140 --- [main] .s.d.r.c.RepositoryConfigurationDelegate : Finished Spring Data repository scanning in 8 ms. Found 2 JPA repository interfaces.
2024-06-08T18:50:25.379-03:00  INFO 7140 --- [main] beddedDataSourceBeanFactoryPostProcessor : Replacing 'dataSource' DataSource bean with embedded version
2024-06-08T18:50:25.402-03:00  INFO 7140 --- [main] o.s.j.d.e.EmbeddedDatabaseFactory        : Starting embedded database: url='jdbc:h2:mem:1afde4f8-3a13-42e4-8e53-016e5de466b2;DB_CLOSE_DELAY=-1;DB_CLOSE_ON_EXIT=false', username='sa'
2024-06-08T18:50:25.423-03:00  INFO 7140 --- [main] o.hibernate.jpa.internal.util.LogHelper  : HHH000204: Processing PersistenceUnitInfo [name: default]
2024-06-08T18:50:25.425-03:00  INFO 7140 --- [main] o.h.c.internal.RegionFactoryInitiator    : HHH000026: Second-level cache disabled
2024-06-08T18:50:25.436-03:00  INFO 7140 --- [main] o.s.o.j.p.SpringPersistenceUnitInfo      : No LoadTimeWeaver setup: ignoring JPA class transformer
2024-06-08T18:50:25.516-03:00  INFO 7140 --- [main] o.h.e.t.j.p.i.JtaPlatformInitiator       : HHH000489: No JTA platform available (set 'hibernate.transaction.jta.platform' to enable JTA platform integration)
2024-06-08T18:50:25.522-03:00  INFO 7140 --- [main] j.LocalContainerEntityManagerFactoryBean : Initialized JPA EntityManagerFactory for persistence unit 'default'
2024-06-08T18:50:25.582-03:00  INFO 7140 --- [main] c.t.l.m.repository.BookRepositoryTest    : Started BookRepositoryTest in 0.342 seconds (process running for 16.655)
2024-06-08T18:50:25.896-03:00  INFO 7140 --- [main] t.c.s.AnnotationConfigContextLoaderUtils : Could not detect default configuration classes for test class [com.thiago.libraryapi.model.repository.LoanRepositoryTest]: LoanRepositoryTest does not declare any static, non-private, non-final, nested classes annotated with @Configuration.
2024-06-08T18:50:25.907-03:00  INFO 7140 --- [main] .b.t.c.SpringBootTestContextBootstrapper : Found @SpringBootConfiguration com.thiago.libraryapi.LibraryApiApplication for test class com.thiago.libraryapi.model.repository.LoanRepositoryTest
2024-06-08T18:50:26.028-03:00  INFO 7140 --- [main] t.c.s.AnnotationConfigContextLoaderUtils : Could not detect default configuration classes for test class [com.thiago.libraryapi.service.BookServiceTest]: BookServiceTest does not declare any static, non-private, non-final, nested classes annotated with @Configuration.
2024-06-08T18:50:26.232-03:00  INFO 7140 --- [main] t.c.s.AnnotationConfigContextLoaderUtils : Could not detect default configuration classes for test class [com.thiago.libraryapi.service.LoanServiceTest]: LoanServiceTest does not declare any static, non-private, non-final, nested classes annotated with @Configuration.
2024-06-08T18:50:26.358-03:00  INFO 7140 --- [SpringApplicationShutdownHook] j.LocalContainerEntityManagerFactoryBean : Closing JPA EntityManagerFactory for persistence unit 'default'
2024-06-08T18:50:26.556-03:00  INFO 7140 --- [SpringApplicationShutdownHook] com.zaxxer.hikari.HikariDataSource       : HikariPool-1 - Shutdown initiated...
2024-06-08T18:50:26.559-03:00  INFO 7140 --- [SpringApplicationShutdownHook] com.zaxxer.hikari.HikariDataSource       : HikariPool-1 - Shutdown completed.
2024-06-08T18:50:26.561-03:00  INFO 7140 --- [SpringApplicationShutdownHook] j.LocalContainerEntityManagerFactoryBean : Closing JPA EntityManagerFactory for persistence unit 'default'
2024-06-08T18:50:54.246-03:00  INFO 21840 --- [main] c.t.l.api.resource.BookControllerTest    : Starting BookControllerTest using Java 21 with PID 21840 (started by Thiago in D:\library-api)
2024-06-08T18:50:54.247-03:00  INFO 21840 --- [main] c.t.l.api.resource.BookControllerTest    : The following 1 profile is active: "test"
2024-06-08T18:50:58.213-03:00  INFO 21840 --- [main] o.s.b.t.m.w.SpringBootMockServletContext : Initializing Spring TestDispatcherServlet ''
2024-06-08T18:50:58.214-03:00  INFO 21840 --- [main] o.s.t.web.servlet.TestDispatcherServlet  : Initializing Servlet ''
2024-06-08T18:50:58.216-03:00  INFO 21840 --- [main] o.s.t.web.servlet.TestDispatcherServlet  : Completed initialization in 2 ms
2024-06-08T18:50:58.251-03:00  INFO 21840 --- [main] c.t.l.api.resource.BookControllerTest    : Started BookControllerTest in 4.649 seconds (process running for 6.517)
2024-06-08T18:50:58.556-03:00  WARN 21840 --- [main] PageModule$PlainPageSerializationWarning : Serializing PageImpl instances as-is is not supported, meaning that there is no guarantee about the stability of the resulting JSON structure!
	For a stable JSON structure, please use Spring Data's PagedModel (globally via @EnableSpringDataWebSupport(pageSerializationMode = VIA_DTO))
	or Spring HATEOAS and Spring Data's PagedResourcesAssembler as documented in https://docs.spring.io/spring-data/commons/reference/repositories/core-extensions.html#core.web.pageables.

2024-06-08T18:50:58.818-03:00  INFO 21840 --- [main] c.t.l.api.resource.BookController        :  updating book of id: 1 
2024-06-08T18:50:58.843-03:00  INFO 21840 --- [main] c.t.l.api.resource.BookController        :  updating book of id: 1 
2024-06-08T18:50:58.864-03:00  INFO 21840 --- [main] c.t.l.api.resource.BookController        :  creating a book for isbn: 001 
2024-06-08T18:50:58.875-03:00  INFO 21840 --- [main] c.t.l.api.resource.BookController        :  obtaining details for book id: 1 
2024-06-08T18:50:58.892-03:00  INFO 21840 --- [main] c.t.l.api.resource.BookController        :  creating a book for isbn: 001 
2024-06-08T18:50:58.906-03:00  INFO 21840 --- [main] c.t.l.api.resource.BookController        :  deleting book of id: 1 
2024-06-08T18:50:58.915-03:00  INFO 21840 --- [main] c.t.l.api.resource.BookController        :  deleting book of id: 1 
2024-06-08T18:50:58.925-03:00  INFO 21840 --- [main] c.t.l.api.resource.BookController        :  obtaining details for book id: 1 
2024-06-08T18:50:58.970-03:00  INFO 21840 --- [main] t.c.s.AnnotationConfigContextLoaderUtils : Could not detect default configuration classes for test class [com.thiago.libraryapi.api.resource.LoanControllerTest]: LoanControllerTest does not declare any static, non-private, non-final, nested classes annotated with @Configuration.
2024-06-08T18:50:58.995-03:00  INFO 21840 --- [main] .b.t.c.SpringBootTestContextBootstrapper : Found @SpringBootConfiguration com.thiago.libraryapi.LibraryApiApplication for test class com.thiago.libraryapi.api.resource.LoanControllerTest
2024-06-08T18:50:59.013-03:00  INFO 21840 --- [main] o.s.b.d.r.RestartApplicationListener     : Restart disabled due to context in which it is running
2024-06-08T18:50:59.067-03:00  INFO 21840 --- [main] c.t.l.api.resource.LoanControllerTest    : Starting LoanControllerTest using Java 21 with PID 21840 (started by Thiago in D:\library-api)
2024-06-08T18:50:59.067-03:00  INFO 21840 --- [main] c.t.l.api.resource.LoanControllerTest    : The following 1 profile is active: "test"
2024-06-08T18:50:59.806-03:00  INFO 21840 --- [main] o.s.b.t.m.w.SpringBootMockServletContext : Initializing Spring TestDispatcherServlet ''
2024-06-08T18:50:59.807-03:00  INFO 21840 --- [main] o.s.t.web.servlet.TestDispatcherServlet  : Initializing Servlet ''
2024-06-08T18:50:59.808-03:00  INFO 21840 --- [main] o.s.t.web.servlet.TestDispatcherServlet  : Completed initialization in 1 ms
2024-06-08T18:50:59.819-03:00  INFO 21840 --- [main] c.t.l.api.resource.LoanControllerTest    : Started LoanControllerTest in 0.807 seconds (process running for 8.085)
2024-06-08T18:50:59.927-03:00  WARN 21840 --- [main] PageModule$PlainPageSerializationWarning : Serializing PageImpl instances as-is is not supported, meaning that there is no guarantee about the stability of the resulting JSON structure!
	For a stable JSON structure, please use Spring Data's PagedModel (globally via @EnableSpringDataWebSupport(pageSerializationMode = VIA_DTO))
	or Spring HATEOAS and Spring Data's PagedResourcesAssembler as documented in https://docs.spring.io/spring-data/commons/reference/repositories/core-extensions.html#core.web.pageables.

2024-06-08T18:50:59.944-03:00  INFO 21840 --- [main] t.c.s.AnnotationConfigContextLoaderUtils : Could not detect default configuration classes for test class [com.thiago.libraryapi.LibraryApiApplicationTests]: LibraryApiApplicationTests does not declare any static, non-private, non-final, nested classes annotated with @Configuration.
2024-06-08T18:50:59.953-03:00  INFO 21840 --- [main] .b.t.c.SpringBootTestContextBootstrapper : Found @SpringBootConfiguration com.thiago.libraryapi.LibraryApiApplication for test class com.thiago.libraryapi.LibraryApiApplicationTests
2024-06-08T18:50:59.961-03:00  INFO 21840 --- [main] o.s.b.d.r.RestartApplicationListener     : Restart disabled due to context in which it is running
2024-06-08T18:50:59.991-03:00  INFO 21840 --- [main] c.t.l.LibraryApiApplicationTests         : Starting LibraryApiApplicationTests using Java 21 with PID 21840 (started by Thiago in D:\library-api)
2024-06-08T18:50:59.992-03:00  INFO 21840 --- [main] c.t.l.LibraryApiApplicationTests         : No active profile set, falling back to 1 default profile: "default"
2024-06-08T18:51:00.986-03:00  INFO 21840 --- [main] .s.d.r.c.RepositoryConfigurationDelegate : Bootstrapping Spring Data JPA repositories in DEFAULT mode.
2024-06-08T18:51:01.049-03:00  INFO 21840 --- [main] .s.d.r.c.RepositoryConfigurationDelegate : Finished Spring Data repository scanning in 50 ms. Found 2 JPA repository interfaces.
2024-06-08T18:51:01.689-03:00  INFO 21840 --- [main] com.zaxxer.hikari.HikariDataSource       : HikariPool-1 - Starting...
2024-06-08T18:51:02.085-03:00  INFO 21840 --- [main] com.zaxxer.hikari.pool.HikariPool        : HikariPool-1 - Added connection conn0: url=jdbc:h2:mem:ca08db89-72ce-490b-a0f4-62ebce6cd0d1 user=SA
2024-06-08T18:51:02.088-03:00  INFO 21840 --- [main] com.zaxxer.hikari.HikariDataSource       : HikariPool-1 - Start completed.
2024-06-08T18:51:02.181-03:00  INFO 21840 --- [main] o.hibernate.jpa.internal.util.LogHelper  : HHH000204: Processing PersistenceUnitInfo [name: default]
2024-06-08T18:51:02.284-03:00  INFO 21840 --- [main] org.hibernate.Version                    : HHH000412: Hibernate ORM core version 6.5.2.Final
2024-06-08T18:51:02.337-03:00  INFO 21840 --- [main] o.h.c.internal.RegionFactoryInitiator    : HHH000026: Second-level cache disabled
2024-06-08T18:51:02.536-03:00  INFO 21840 --- [main] o.s.o.j.p.SpringPersistenceUnitInfo      : No LoadTimeWeaver setup: ignoring JPA class transformer
2024-06-08T18:51:03.696-03:00  INFO 21840 --- [main] o.h.e.t.j.p.i.JtaPlatformInitiator       : HHH000489: No JTA platform available (set 'hibernate.transaction.jta.platform' to enable JTA platform integration)
2024-06-08T18:51:03.775-03:00  INFO 21840 --- [main] j.LocalContainerEntityManagerFactoryBean : Initialized JPA EntityManagerFactory for persistence unit 'default'
2024-06-08T18:51:04.317-03:00  INFO 21840 --- [main] o.s.d.j.r.query.QueryEnhancerFactory     : Hibernate is in classpath; If applicable, HQL parser will be used.
2024-06-08T18:51:05.608-03:00  WARN 21840 --- [main] JpaBaseConfiguration$JpaWebConfiguration : spring.jpa.open-in-view is enabled by default. Therefore, database queries may be performed during view rendering. Explicitly configure spring.jpa.open-in-view to disable this warning
2024-06-08T18:51:07.150-03:00  INFO 21840 --- [main] o.s.b.a.e.web.EndpointLinksResolver      : Exposing 15 endpoints beneath base path '/actuator'
2024-06-08T18:51:07.261-03:00  INFO 21840 --- [main] c.t.l.LibraryApiApplicationTests         : Started LibraryApiApplicationTests in 7.3 seconds (process running for 15.526)
2024-06-08T18:51:07.359-03:00  INFO 21840 --- [main] t.c.s.AnnotationConfigContextLoaderUtils : Could not detect default configuration classes for test class [com.thiago.libraryapi.model.repository.BookRepositoryTest]: BookRepositoryTest does not declare any static, non-private, non-final, nested classes annotated with @Configuration.
2024-06-08T18:51:07.381-03:00  INFO 21840 --- [main] .b.t.c.SpringBootTestContextBootstrapper : Found @SpringBootConfiguration com.thiago.libraryapi.LibraryApiApplication for test class com.thiago.libraryapi.model.repository.BookRepositoryTest
2024-06-08T18:51:07.384-03:00  INFO 21840 --- [main] o.s.b.d.r.RestartApplicationListener     : Restart disabled due to context in which it is running
2024-06-08T18:51:07.414-03:00  INFO 21840 --- [main] c.t.l.m.repository.BookRepositoryTest    : Starting BookRepositoryTest using Java 21 with PID 21840 (started by Thiago in D:\library-api)
2024-06-08T18:51:07.415-03:00  INFO 21840 --- [main] c.t.l.m.repository.BookRepositoryTest    : The following 1 profile is active: "test"
2024-06-08T18:51:07.418-03:00  INFO 21840 --- [registrationTask1] d.c.b.a.c.r.ApplicationRegistrator       : Application registered itself as a973ff14be49
2024-06-08T18:51:07.487-03:00  INFO 21840 --- [main] .s.d.r.c.RepositoryConfigurationDelegate : Bootstrapping Spring Data JPA repositories in DEFAULT mode.
2024-06-08T18:51:07.496-03:00  INFO 21840 --- [main] .s.d.r.c.RepositoryConfigurationDelegate : Finished Spring Data repository scanning in 8 ms. Found 2 JPA repository interfaces.
2024-06-08T18:51:07.509-03:00  INFO 21840 --- [main] beddedDataSourceBeanFactoryPostProcessor : Replacing 'dataSource' DataSource bean with embedded version
2024-06-08T18:51:07.536-03:00  INFO 21840 --- [main] o.s.j.d.e.EmbeddedDatabaseFactory        : Starting embedded database: url='jdbc:h2:mem:ba6bdcac-60c4-40c4-98d9-3421193b979e;DB_CLOSE_DELAY=-1;DB_CLOSE_ON_EXIT=false', username='sa'
2024-06-08T18:51:07.556-03:00  INFO 21840 --- [main] o.hibernate.jpa.internal.util.LogHelper  : HHH000204: Processing PersistenceUnitInfo [name: default]
2024-06-08T18:51:07.560-03:00  INFO 21840 --- [main] o.h.c.internal.RegionFactoryInitiator    : HHH000026: Second-level cache disabled
2024-06-08T18:51:07.569-03:00  INFO 21840 --- [main] o.s.o.j.p.SpringPersistenceUnitInfo      : No LoadTimeWeaver setup: ignoring JPA class transformer
2024-06-08T18:51:07.643-03:00  INFO 21840 --- [main] o.h.e.t.j.p.i.JtaPlatformInitiator       : HHH000489: No JTA platform available (set 'hibernate.transaction.jta.platform' to enable JTA platform integration)
2024-06-08T18:51:07.651-03:00  INFO 21840 --- [main] j.LocalContainerEntityManagerFactoryBean : Initialized JPA EntityManagerFactory for persistence unit 'default'
2024-06-08T18:51:07.706-03:00  INFO 21840 --- [main] c.t.l.m.repository.BookRepositoryTest    : Started BookRepositoryTest in 0.322 seconds (process running for 15.971)
2024-06-08T18:51:08.087-03:00  INFO 21840 --- [main] t.c.s.AnnotationConfigContextLoaderUtils : Could not detect default configuration classes for test class [com.thiago.libraryapi.model.repository.LoanRepositoryTest]: LoanRepositoryTest does not declare any static, non-private, non-final, nested classes annotated with @Configuration.
2024-06-08T18:51:08.095-03:00  INFO 21840 --- [main] .b.t.c.SpringBootTestContextBootstrapper : Found @SpringBootConfiguration com.thiago.libraryapi.LibraryApiApplication for test class com.thiago.libraryapi.model.repository.LoanRepositoryTest
2024-06-08T18:51:08.212-03:00  INFO 21840 --- [main] t.c.s.AnnotationConfigContextLoaderUtils : Could not detect default configuration classes for test class [com.thiago.libraryapi.service.BookServiceTest]: BookServiceTest does not declare any static, non-private, non-final, nested classes annotated with @Configuration.
2024-06-08T18:51:08.431-03:00  INFO 21840 --- [main] t.c.s.AnnotationConfigContextLoaderUtils : Could not detect default configuration classes for test class [com.thiago.libraryapi.service.LoanServiceTest]: LoanServiceTest does not declare any static, non-private, non-final, nested classes annotated with @Configuration.
2024-06-08T18:51:08.573-03:00  INFO 21840 --- [SpringApplicationShutdownHook] j.LocalContainerEntityManagerFactoryBean : Closing JPA EntityManagerFactory for persistence unit 'default'
2024-06-08T18:51:08.761-03:00  INFO 21840 --- [SpringApplicationShutdownHook] com.zaxxer.hikari.HikariDataSource       : HikariPool-1 - Shutdown initiated...
2024-06-08T18:51:08.766-03:00  INFO 21840 --- [SpringApplicationShutdownHook] com.zaxxer.hikari.HikariDataSource       : HikariPool-1 - Shutdown completed.
2024-06-08T18:51:08.767-03:00  INFO 21840 --- [SpringApplicationShutdownHook] j.LocalContainerEntityManagerFactoryBean : Closing JPA EntityManagerFactory for persistence unit 'default'
